05.05.2022 12:31:01.051 [http-nio-8080-exec-6] INFO   c.t.c.s.SignUpServlet - User was successfully logged in by credos
05.05.2022 12:31:14.760 [http-nio-8080-exec-8] INFO   c.t.c.s.CalcucatorServlet - User used an operation of multiply
05.05.2022 13:11:07.515 [http-nio-8080-exec-6] INFO   c.t.c.s.SignUpServlet - User was successfully logged in by credos
05.05.2022 13:12:29.872 [http-nio-8080-exec-5] INFO   c.t.c.s.SignUpServlet - User was successfully logged in by JWT
05.05.2022 13:13:10.896 [http-nio-8080-exec-4] INFO   c.t.c.s.SignUpServlet - User was successfully logged in by JWT
05.05.2022 13:13:44.178 [http-nio-8080-exec-4] INFO   c.t.c.s.SignUpServlet - User was successfully logged in by JWT
05.05.2022 13:16:06.682 [http-nio-8080-exec-5] INFO   c.t.c.s.SignUpServlet - User was successfully logged in by JWT
05.05.2022 13:18:53.043 [http-nio-8080-exec-5] INFO   c.t.c.s.SignUpServlet - User was successfully logged in by JWT
05.05.2022 13:21:35.557 [http-nio-8080-exec-5] INFO   c.t.c.s.SignUpServlet - User was successfully logged in by JWT
05.05.2022 13:22:26.722 [http-nio-8080-exec-4] INFO   c.t.c.s.SignUpServlet - User was successfully logged in by JWT
05.05.2022 13:25:16.047 [http-nio-8080-exec-4] INFO   c.t.c.s.SignUpServlet - User was successfully logged in by JWT
05.05.2022 13:25:37.748 [http-nio-8080-exec-5] INFO   c.t.c.s.SignUpServlet - User was successfully logged in by JWT
05.05.2022 13:31:33.899 [http-nio-8080-exec-6] INFO   c.t.c.s.SignUpServlet - User was successfully logged in by JWT
05.05.2022 13:31:57.201 [http-nio-8080-exec-4] INFO   c.t.c.s.SignUpServlet - User was successfully logged in by JWT
05.05.2022 13:32:32.356 [http-nio-8080-exec-5] INFO   c.t.c.s.SignUpServlet - User was successfully logged in by JWT
05.05.2022 13:33:18.288 [http-nio-8080-exec-5] INFO   c.t.c.s.SignUpServlet - User was successfully logged in by JWT
05.05.2022 13:38:23.381 [http-nio-8080-exec-4] INFO   c.t.c.s.SignUpServlet - User was successfully logged in by JWT
05.05.2022 13:39:46.285 [http-nio-8080-exec-5] INFO   c.t.c.s.SignUpServlet - User was successfully logged in by JWT
05.05.2022 13:40:47.806 [http-nio-8080-exec-4] INFO   c.t.c.s.SignUpServlet - User was successfully logged in by JWT
05.05.2022 13:44:47.047 [http-nio-8080-exec-5] INFO   c.t.c.s.SignUpServlet - User was successfully logged in by credos
05.05.2022 13:45:24.646 [http-nio-8080-exec-8] INFO   c.t.c.s.CalcucatorServlet - User used an operation of sum
05.05.2022 13:45:34.708 [http-nio-8080-exec-9] INFO   c.t.c.s.CalcucatorServlet - User used an operation of divide
05.05.2022 13:45:51.332 [http-nio-8080-exec-1] INFO   c.t.c.s.SignUpServlet - User was successfully logged in by JWT
05.05.2022 13:46:06.390 [http-nio-8080-exec-4] INFO   c.t.c.s.SignUpServlet - User was successfully logged in by JWT
05.05.2022 13:52:43.805 [http-nio-8080-exec-5] INFO   c.t.c.s.SignUpServlet - User was successfully logged in by JWT
05.05.2022 13:53:21.831 [http-nio-8080-exec-4] INFO   c.t.c.s.SignUpServlet - User was successfully logged in by JWT
05.05.2022 13:53:37.931 [http-nio-8080-exec-4] INFO   c.t.c.s.SignUpServlet - User was successfully logged in by JWT
05.05.2022 13:56:47.596 [http-nio-8080-exec-5] INFO   c.t.c.s.SignUpServlet - User was successfully logged in by JWT
05.05.2022 14:00:06.154 [http-nio-8080-exec-6] INFO   c.t.c.s.SignUpServlet - User was successfully logged in by credos
05.05.2022 14:06:58.782 [http-nio-8080-exec-7] INFO   c.t.c.s.CalcucatorServlet - User used an operation of minus
